2024-07-08 18:51:07,051 ERROR frappe New Exception collected in error log
Site: frappe-prac.com/
Form Dict: {}
2024-07-08 18:51:07,533 ERROR frappe New Exception collected in error log
Site: frappe-prac.com/
Form Dict: {}
2024-07-08 18:51:14,021 ERROR frappe New Exception collected in error log
Site: frappe-prac.com/
Form Dict: {}
2024-07-08 18:51:14,388 ERROR frappe New Exception collected in error log
Site: frappe-prac.com/
Form Dict: {}
2024-07-08 18:51:19,031 ERROR frappe New Exception collected in error log
Site: frappe-prac.com/
Form Dict: {}
2024-07-08 18:51:19,377 ERROR frappe New Exception collected in error log
Site: frappe-prac.com/
Form Dict: {}
2024-07-08 18:51:36,123 ERROR frappe New Exception collected in error log
Site: frappe-prac.com/
Form Dict: {}
2024-07-08 18:51:36,455 ERROR frappe New Exception collected in error log
Site: frappe-prac.com/
Form Dict: {}
2024-08-02 18:51:38,294 ERROR frappe New Exception collected in error log
Site: frappe-prac.com/
Form Dict: {'limit_page_length': 20}
2024-08-02 18:56:59,075 ERROR frappe New Exception collected in error log
Site: frappe-prac.com/
Form Dict: {}
2024-08-02 18:57:16,309 ERROR frappe New Exception collected in error log
Site: frappe-prac.com/
Form Dict: {}
2024-08-02 18:57:20,186 ERROR frappe New Exception collected in error log
Site: frappe-prac.com/
Form Dict: {}
2024-08-02 19:00:45,851 ERROR frappe New Exception collected in error log
Site: frappe-prac.com/
Form Dict: {}
2024-08-02 19:00:51,724 ERROR frappe New Exception collected in error log
Site: frappe-prac.com/
Form Dict: {}
2024-08-02 19:03:01,484 ERROR frappe New Exception collected in error log
Site: frappe-prac.com/
Form Dict: {'doctype': 'Dummy Data', 'name': 'TOUSEEF', 'cmd': 'frappe.desk.form.load.getdoc'}
2024-08-02 19:03:27,878 ERROR frappe New Exception collected in error log
Site: frappe-prac.com/
Form Dict: {'doctype': 'Dummy Data', 'name': 'TOUSEEF', 'cmd': 'frappe.desk.form.load.getdoc'}
2024-08-02 19:05:16,857 ERROR frappe New Exception collected in error log
Site: frappe-prac.com/
Form Dict: {'doc': '{"name":"Dummy Data","creation":"2024-08-02 18:34:07.324941","modified":"2024-08-02 18:36:28.194349","modified_by":"Administrator","owner":"Administrator","docstatus":0,"idx":0,"issingle":0,"is_virtual":0,"is_tree":0,"istable":0,"editable_grid":0,"track_changes":0,"module":"Contacts","autoname":"field:name1","naming_rule":"By fieldname","sort_field":"modified","sort_order":"DESC","read_only":0,"in_create":0,"allow_copy":0,"allow_rename":1,"allow_import":0,"hide_toolbar":0,"track_seen":0,"max_attachments":0,"document_type":"","engine":"InnoDB","is_submittable":0,"show_name_in_global_search":0,"custom":0,"beta":0,"has_web_view":0,"allow_guest_to_view":0,"email_append_to":0,"show_title_field_in_link":0,"translated_doctype":0,"is_calendar_and_gantt":0,"quick_entry":1,"track_views":0,"queue_in_background":0,"allow_events_in_timeline":0,"allow_auto_repeat":0,"make_attachments_public":0,"force_re_route_to_default_view":0,"show_preview_popup":0,"index_web_pages_for_search":1,"doctype":"DocType","fields":[{"docstatus":0,"doctype":"DocField","name":"new-docfield-bufbcwedil","__islocal":1,"__unsaved":1,"owner":"Administrator","fieldtype":"Data","precision":"","non_negative":0,"hide_days":0,"hide_seconds":0,"reqd":1,"is_virtual":0,"search_index":0,"sort_options":0,"show_dashboard":0,"fetch_if_empty":0,"hidden":0,"bold":0,"allow_in_quick_entry":0,"translatable":0,"print_hide":0,"print_hide_if_no_value":0,"report_hide":0,"collapsible":0,"hide_border":0,"in_list_view":1,"in_standard_filter":0,"in_preview":0,"in_filter":0,"in_global_search":0,"read_only":0,"allow_on_submit":0,"ignore_user_permissions":0,"allow_bulk_edit":0,"permlevel":0,"ignore_xss_filter":0,"unique":1,"no_copy":0,"set_only_once":0,"remember_last_selected_value":0,"parent":"Dummy Data","parentfield":"fields","parenttype":"DocType","idx":1,"fieldname":"name1","label":"Name","show_preview_popup":0,"columns":0,"length":0},{"docstatus":0,"doctype":"DocField","name":"new-docfield-qhffleiexw","__islocal":1,"__unsaved":1,"owner":"Administrator","fieldtype":"Data","precision":"","non_negative":0,"hide_days":0,"hide_seconds":0,"reqd":0,"is_virtual":0,"search_index":0,"sort_options":0,"show_dashboard":0,"fetch_if_empty":0,"hidden":0,"bold":0,"allow_in_quick_entry":0,"translatable":0,"print_hide":0,"print_hide_if_no_value":0,"report_hide":0,"collapsible":0,"hide_border":0,"in_list_view":0,"in_standard_filter":0,"in_preview":0,"in_filter":0,"in_global_search":0,"read_only":0,"allow_on_submit":0,"ignore_user_permissions":0,"allow_bulk_edit":0,"permlevel":0,"ignore_xss_filter":0,"unique":0,"no_copy":0,"set_only_once":0,"remember_last_selected_value":0,"parent":"Dummy Data","parentfield":"fields","parenttype":"DocType","idx":2,"__run_link_triggers":1,"fieldname":"roll_number","label":"Roll Number"}],"permissions":[{"name":"1gopkih2f3","creation":"2024-08-02 18:34:07.324941","modified":"2024-08-02 18:36:28.194349","modified_by":"Administrator","owner":"Administrator","docstatus":0,"parent":"Dummy Data","parentfield":"permissions","parenttype":"DocType","idx":1,"permlevel":0,"role":"System Manager","read":1,"write":1,"create":1,"submit":0,"cancel":0,"delete":1,"amend":0,"report":1,"export":1,"import":0,"share":1,"print":1,"email":1,"if_owner":0,"select":0,"doctype":"DocPerm"}],"links":[],"states":[],"actions":[],"__unsaved":1}', 'action': 'Save', 'cmd': 'frappe.desk.form.save.savedocs'}
2024-08-02 19:05:27,504 ERROR frappe New Exception collected in error log
Site: frappe-prac.com/
Form Dict: {'doctype': 'Dummy Data', 'name': 'TOUSEEF', 'cmd': 'frappe.desk.form.load.getdoc'}
2024-08-02 19:09:42,086 ERROR frappe New Exception collected in error log
Site: frappe-prac.com/
Form Dict: {'limit_page_length': 20}
2024-08-02 20:05:23,688 ERROR frappe New Exception collected in error log
Site: frappe-prac.com/
Form Dict: {'recipients': 'noman.chaudhary@tylextech.com', 'subject': 'Administrator (#Administrator)', 'content': '<div class="ql-editor read-mode"><p>here is the</p></div>', 'doctype': 'User', 'name': 'Administrator', 'send_email': '1', 'print_html': '', 'send_me_a_copy': '0', 'print_format': '', 'attachments': '[]', 'read_receipt': '0', 'print_letterhead': '1', 'send_after': '', 'print_language': 'en', 'cmd': 'frappe.core.doctype.communication.email.make'}
